Unable to capture context for thread 9628 in process 11240, can not generate back trace
Unable to capture context for thread 9980 in process 11240, can not generate back trace
Unable to capture context for thread 3960 in process 11240, can not generate back trace
Unable to capture context for thread 4460 in process 11240, can not generate back trace
Unable to capture context for thread 7736 in process 11240, can not generate back trace
Exception at PC 0x00007FFBAE193FB8
Unable to capture context for thread 9628 in process 11240, can not generate back trace
Unable to capture context for thread 7452 in process 11240, can not generate back trace
Exception at PC 0x00007FFB52DBBB93
Printing stacktrace...

Unable to capture context for thread 7452 in process 11240, can not generate back trace
Exception at PC 0x00007FFBAE193FB8
Exception at PC 0x00007FFBAE193FB8
Exception at PC 0x00007FFBAE193FB8
Exception at PC 0x00007FFBAE193FB8
Exception at PC 0x00007FFBAE193FB8
Exception at PC 0x00007FFBAE193FB8
Exception at PC 0x00007FFBAE193FB8
Exception at PC 0x00007FFBAE193FB8
Exception at PC 0x00007FFBAE193FB8
Exception at PC 0x00007FFBAE193FB8
Exception at PC 0x00007FFBAE193FB8
Exception at PC 0x00007FFBAE193FB8
Exception at PC 0x00007FFBAE193FB8
Exception at PC 0x00007FFBAE193FB8
Exception at PC 0x00007FFBAE193FB8
Exception at PC 0x00007FFBAE193FB8
[0]  [0x00007FFB52DBBB93]
[1]  [0x00007FFB52DBBB93]
[2]  [0x00007FFB52DBB4A1]
[3]  [0x00007FFB52DBB3EF]
[4]  [0x00007FFB52DA19FE]
[5]  [0x00007FFB52DA0ED1]
[6]  [0x00007FFB52DA0D76]
[7]  [0x00007FFB52D479F6]
[8]  [0x00007FFB52D37AFB]
[9]  [0x00007FFB52E5E90A]
[10]  [0x00007FFB52E79F87]
[11]  [0x00007FFB52E7A05F]
[12] (BaseThreadInitThunk+0x14) [0x00007FFBB1241FE4]
[13] (RtlUserThreadStart+0x21) [0x00007FFBB19FEFB1]
Done
Exception at PC 0x00007FFBAE193FB8
